{"uuid":"f5774b29-9110-476d-a336-57177a35c488","historyId":"1ba5cefe9c0143978b89bff9cc67e85e","fullName":"com.example.treamcity.api.BuildTypeTest.userCreatesTwoBuildTypesWithTheSameIdTest","labels":[{"name":"package","value":"com.example.treamcity.api.BuildTypeTest"},{"name":"testClass","value":"com.example.treamcity.api.BuildTypeTest"},{"name":"testMethod","value":"userCreatesTwoBuildTypesWithTheSameIdTest"},{"name":"parentSuite","value":"Default Suite"},{"name":"suite","value":"demo2"},{"name":"subSuite","value":"com.example.treamcity.api.BuildTypeTest"},{"name":"host","value":"Iuliias-MacBook-Pro.local"},{"name":"thread","value":"54903@Iuliias-MacBook-Pro.local.main(1)"},{"name":"framework","value":"testng"},{"name":"language","value":"java"}],"links":[],"name":"User should not be able to create two build types with the same id","status":"broken","statusDetails":{"known":false,"muted":false,"flaky":false,"message":"Cannot generate test data","trace":"java.lang.IllegalStateException: Cannot generate test data\n\tat com.example.teamcity.generators.TestDataGenerator.generate(TestDataGenerator.java:68)\n\tat com.example.treamcity.api.BuildTypeTest.userCreatesTwoBuildTypesWithTheSameIdTest(BuildTypeTest.java:43)\n\tat java.base/jdk.internal.reflect.DirectMethodHandleAccessor.invoke(DirectMethodHandleAccessor.java:103)\n\tat java.base/java.lang.reflect.Method.invoke(Method.java:580)\n\tat org.testng.internal.invokers.MethodInvocationHelper.invokeMethod(MethodInvocationHelper.java:141)\n\tat org.testng.internal.invokers.TestInvoker.invokeMethod(TestInvoker.java:686)\n\tat org.testng.internal.invokers.TestInvoker.invokeTestMethod(TestInvoker.java:230)\n\tat org.testng.internal.invokers.MethodRunner.runInSequence(MethodRunner.java:63)\n\tat org.testng.internal.invokers.TestInvoker$MethodInvocationAgent.invoke(TestInvoker.java:992)\n\tat org.testng.internal.invokers.TestInvoker.invokeTestMethods(TestInvoker.java:203)\n\tat org.testng.internal.invokers.TestMethodWorker.invokeTestMethods(TestMethodWorker.java:154)\n\tat org.testng.internal.invokers.TestMethodWorker.run(TestMethodWorker.java:134)\n\tat java.base/java.util.ArrayList.forEach(ArrayList.java:1597)\n\tat org.testng.TestRunner.privateRun(TestRunner.java:739)\n\tat org.testng.TestRunner.run(TestRunner.java:614)\n\tat org.testng.SuiteRunner.runTest(SuiteRunner.java:421)\n\tat org.testng.SuiteRunner.runSequentially(SuiteRunner.java:413)\n\tat org.testng.SuiteRunner.privateRun(SuiteRunner.java:373)\n\tat org.testng.SuiteRunner.run(SuiteRunner.java:312)\n\tat org.testng.SuiteRunnerWorker.runSuite(SuiteRunnerWorker.java:52)\n\tat org.testng.SuiteRunnerWorker.run(SuiteRunnerWorker.java:95)\n\tat org.testng.TestNG.runSuitesSequentially(TestNG.java:1274)\n\tat org.testng.TestNG.runSuitesLocally(TestNG.java:1208)\n\tat org.testng.TestNG.runSuites(TestNG.java:1112)\n\tat org.testng.TestNG.run(TestNG.java:1079)\n\tat com.intellij.rt.testng.IDEARemoteTestNG.run(IDEARemoteTestNG.java:65)\n\tat com.intellij.rt.testng.RemoteTestNGStarter.main(RemoteTestNGStarter.java:105)\nCaused by: java.lang.IllegalArgumentException: Can not set com.example.teamcity.models.Project field com.example.teamcity.models.BuildType.project to java.lang.String\n\tat java.base/jdk.internal.reflect.FieldAccessorImpl.throwSetIllegalArgumentException(FieldAccessorImpl.java:228)\n\tat java.base/jdk.internal.reflect.FieldAccessorImpl.throwSetIllegalArgumentException(FieldAccessorImpl.java:232)\n\tat java.base/jdk.internal.reflect.MethodHandleObjectFieldAccessorImpl.set(MethodHandleObjectFieldAccessorImpl.java:115)\n\tat java.base/java.lang.reflect.Field.set(Field.java:836)\n\tat com.example.teamcity.generators.TestDataGenerator.generate(TestDataGenerator.java:37)\n\t... 26 more\n"},"stage":"finished","steps":[],"attachments":[],"parameters":[],"start":1740852464929,"stop":1740852464932}